# JRE version: OpenJDK Runtime Environment (17.0+35) (build 17+35-2724)
# Java VM: OpenJDK 64-Bit Server VM (17+35-2724, mixed mode, sharing, tiered, compressed oops, compressed class ptrs, g1 gc, linux-amd64)
GC Precious Log:
 CPUs: 8 total, 8 available
 Memory: 7956M
 Large Page Support: Disabled
 NUMA Support: Disabled
 Compressed Oops: Enabled (32-bit)
 Heap Region Size: 1M
 Heap Min Capacity: 8M
 Heap Initial Capacity: 126M
 Heap Max Capacity: 1990M
 Pre-touch: Disabled
 Parallel Workers: 8
 Concurrent Workers: 2
 Concurrent Refinement Workers: 8
 Periodic GC: Disabled
Heap:
 garbage-first heap   total 156672K, used 75149K [0x0000000083a00000, 0x0000000100000000)
  region size 1024K, 41 young (41984K), 7 survivors (7168K)
 Metaspace       used 66827K, committed 82112K, reserved 1114112K
  class space    used 16076K, committed 21120K, reserved 1048576K
GC Heap History (20 events):
Event: 11.358 GC heap before
{Heap before GC invocations=27 (full 0):
 garbage-first heap   total 173056K, used 125955K [0x0000000083a00000, 0x0000000100000000)
  region size 1024K, 101 young (103424K), 7 survivors (7168K)
 Metaspace       used 45541K, committed 57472K, reserved 1097728K
  class space    used 11999K, committed 15936K, reserved 1048576K
}
Event: 11.368 GC heap after
{Heap after GC invocations=28 (full 0):
 garbage-first heap   total 173056K, used 29956K [0x0000000083a00000, 0x0000000100000000)
  region size 1024K, 8 young (8192K), 8 survivors (8192K)
 Metaspace       used 45541K, committed 57472K, reserved 1097728K
  class space    used 11999K, committed 15936K, reserved 1048576K
}
Event: 11.873 GC heap before
{Heap before GC invocations=28 (full 0):
 garbage-first heap   total 173056K, used 125188K [0x0000000083a00000, 0x0000000100000000)
  region size 1024K, 101 young (103424K), 8 survivors (8192K)
 Metaspace       used 46864K, committed 58944K, reserved 1097728K
  class space    used 12440K, committed 16448K, reserved 1048576K
}
Event: 11.887 GC heap after
{Heap after GC invocations=29 (full 0):
 garbage-first heap   total 207872K, used 30406K [0x0000000083a00000, 0x0000000100000000)
  region size 1024K, 7 young (7168K), 7 survivors (7168K)
 Metaspace       used 46864K, committed 58944K, reserved 1097728K
  class space    used 12440K, committed 16448K, reserved 1048576K
}
Event: 12.287 GC heap before
{Heap before GC invocations=29 (full 0):
 garbage-first heap   total 207872K, used 99014K [0x0000000083a00000, 0x0000000100000000)
  region size 1024K, 75 young (76800K), 7 survivors (7168K)
 Metaspace       used 47940K, committed 60160K, reserved 1097728K
  class space    used 12738K, committed 16768K, reserved 1048576K
}
Event: 12.298 GC heap after
{Heap after GC invocations=30 (full 0):
 garbage-first heap   total 207872K, used 31401K [0x0000000083a00000, 0x0000000100000000)
  region size 1024K, 8 young (8192K), 8 survivors (8192K)
 Metaspace       used 47940K, committed 60160K, reserved 1097728K
  class space    used 12738K, committed 16768K, reserved 1048576K
}
Event: 12.879 GC heap before
{Heap before GC invocations=31 (full 0):
 garbage-first heap   total 130048K, used 101033K [0x0000000083a00000, 0x0000000100000000)
  region size 1024K, 76 young (77824K), 8 survivors (8192K)
 Metaspace       used 49620K, committed 62528K, reserved 1097728K
  class space    used 13254K, committed 17536K, reserved 1048576K
}
Event: 12.888 GC heap after
{Heap after GC invocations=32 (full 0):
 garbage-first heap   total 130048K, used 32385K [0x0000000083a00000, 0x0000000100000000)
  region size 1024K, 6 young (6144K), 6 survivors (6144K)
 Metaspace       used 49620K, committed 62528K, reserved 1097728K
  class space    used 13254K, committed 17536K, reserved 1048576K
}
Event: 13.451 GC heap before
{Heap before GC invocations=32 (full 0):
 garbage-first heap   total 130048K, used 104065K [0x0000000083a00000, 0x0000000100000000)
  region size 1024K, 76 young (77824K), 6 survivors (6144K)
 Metaspace       used 51523K, committed 65024K, reserved 1097728K
  class space    used 13825K, committed 18304K, reserved 1048576K
}
Event: 13.461 GC heap after
{Heap after GC invocations=33 (full 0):
 garbage-first heap   total 130048K, used 32683K [0x0000000083a00000, 0x0000000100000000)
  region size 1024K, 7 young (7168K), 7 survivors (7168K)
 Metaspace       used 51523K, committed 65024K, reserved 1097728K
  class space    used 13825K, committed 18304K, reserved 1048576K
}
Event: 14.076 GC heap before
{Heap before GC invocations=33 (full 0):
 garbage-first heap   total 130048K, used 103339K [0x0000000083a00000, 0x0000000100000000)
  region size 1024K, 76 young (77824K), 7 survivors (7168K)
 Metaspace       used 53890K, committed 67968K, reserved 1105920K
  class space    used 14307K, committed 19008K, reserved 1048576K
}
Event: 14.086 GC heap after
{Heap after GC invocations=34 (full 0):
 garbage-first heap   total 156672K, used 34175K [0x0000000083a00000, 0x0000000100000000)
  region size 1024K, 7 young (7168K), 7 survivors (7168K)
 Metaspace       used 53890K, committed 67968K, reserved 1105920K
  class space    used 14307K, committed 19008K, reserved 1048576K
}
Event: 606.472 GC heap before
{Heap before GC invocations=34 (full 0):
 garbage-first heap   total 156672K, used 120191K [0x0000000083a00000, 0x0000000100000000)
  region size 1024K, 91 young (93184K), 7 survivors (7168K)
 Metaspace       used 64171K, committed 78464K, reserved 1114112K
  class space    used 15492K, committed 20224K, reserved 1048576K
}
Event: 606.497 GC heap after
{Heap after GC invocations=35 (full 0):
 garbage-first heap   total 156672K, used 38260K [0x0000000083a00000, 0x0000000100000000)
  region size 1024K, 11 young (11264K), 11 survivors (11264K)
 Metaspace       used 64171K, committed 78464K, reserved 1114112K
  class space    used 15492K, committed 20224K, reserved 1048576K
}
Event: 767.316 GC heap before
{Heap before GC invocations=35 (full 0):
 garbage-first heap   total 156672K, used 120180K [0x0000000083a00000, 0x0000000100000000)
  region size 1024K, 91 young (93184K), 11 survivors (11264K)
 Metaspace       used 64896K, committed 79360K, reserved 1114112K
  class space    used 15624K, committed 20416K, reserved 1048576K
}
Event: 767.334 GC heap after
{Heap after GC invocations=36 (full 0):
 garbage-first heap   total 156672K, used 39201K [0x0000000083a00000, 0x0000000100000000)
  region size 1024K, 7 young (7168K), 7 survivors (7168K)
 Metaspace       used 64896K, committed 79360K, reserved 1114112K
  class space    used 15624K, committed 20416K, reserved 1048576K
}
Event: 1008.315 GC heap before
{Heap before GC invocations=36 (full 0):
 garbage-first heap   total 156672K, used 125217K [0x0000000083a00000, 0x0000000100000000)
  region size 1024K, 91 young (93184K), 7 survivors (7168K)
 Metaspace       used 65532K, committed 80320K, reserved 1114112K
  class space    used 15780K, committed 20672K, reserved 1048576K
}
Event: 1008.325 GC heap after
{Heap after GC invocations=37 (full 0):
 garbage-first heap   total 156672K, used 39018K [0x0000000083a00000, 0x0000000100000000)
  region size 1024K, 7 young (7168K), 7 survivors (7168K)
 Metaspace       used 65532K, committed 80320K, reserved 1114112K
  class space    used 15780K, committed 20672K, reserved 1048576K
}
Event: 1027.657 GC heap before
{Heap before GC invocations=37 (full 0):
 garbage-first heap   total 156672K, used 125034K [0x0000000083a00000, 0x0000000100000000)
  region size 1024K, 91 young (93184K), 7 survivors (7168K)
 Metaspace       used 66336K, committed 81536K, reserved 1114112K
  class space    used 15989K, committed 20992K, reserved 1048576K
}
Event: 1027.668 GC heap after
{Heap after GC invocations=38 (full 0):
 garbage-first heap   total 156672K, used 40333K [0x0000000083a00000, 0x0000000100000000)
  region size 1024K, 7 young (7168K), 7 survivors (7168K)
 Metaspace       used 66336K, committed 81536K, reserved 1114112K
  class space    used 15989K, committed 20992K, reserved 1048576K
}

